Feb 29, 2020 5:40:48 PM schooldomain.neu.pallaksingh.connecteddevices.common.DataUtil writeSensorDataToFile
INFO: {
  "currentValue": 33.32004,
  "average": 33.32004,
  "totalCount": 1,
  "totalValue": 33.32004,
  "maxValue": 33.32004,
  "minValue": 33.32004,
  "sensorName": "Temperature Sensor",
  "timestamp": "2020-02-29 17:40:48.236333"
}
Feb 29, 2020 5:40:53 PM schooldomain.neu.pallaksingh.connecteddevices.common.DataUtil writeSensorDataToFile
INFO: {
  "currentValue": 33.44868,
  "average": 33.38436,
  "totalCount": 2,
  "totalValue": 66.76872,
  "maxValue": 33.44868,
  "minValue": 33.32004,
  "sensorName": "Temperature Sensor",
  "timestamp": "2020-02-29 17:40:53.242545"
}
Feb 29, 2020 5:40:58 PM schooldomain.neu.pallaksingh.connecteddevices.common.DataUtil writeSensorDataToFile
INFO: {
  "currentValue": 33.46706,
  "average": 33.411926,
  "totalCount": 3,
  "totalValue": 100.23578,
  "maxValue": 33.46706,
  "minValue": 33.32004,
  "sensorName": "Temperature Sensor",
  "timestamp": "2020-02-29 17:40:58.254175"
}
Feb 29, 2020 5:41:03 PM schooldomain.neu.pallaksingh.connecteddevices.common.DataUtil writeSensorDataToFile
INFO: {
  "currentValue": 33.632454,
  "average": 33.46706,
  "totalCount": 4,
  "totalValue": 133.86824,
  "maxValue": 33.632454,
  "minValue": 33.32004,
  "sensorName": "Temperature Sensor",
  "timestamp": "2020-02-29 17:41:03.261325"
}
